app/build/intermediates/manifest_merge_blame_file/debug/manifest-merger-blame-debug-report.txt
1<?xml version="1.0" encoding="utf-8"?>
2<manifest xmlns:android="http://schemas.android.com/apk/res/android"
3    package="com.carrey.asyncloaddemo"
4    android:versionCode="1"
5    android:versionName="1.0" >
6
7    <uses-sdk
7-->src/main/AndroidManifest.xml:7:5-9:41
8        android:minSdkVersion="21"
8-->src/main/AndroidManifest.xml:8:9-34
9        android:targetSdkVersion="31" />
9-->src/main/AndroidManifest.xml:9:9-38
10
11    <uses-permission android:name="android.permission.INTERNET" />
11-->src/main/AndroidManifest.xml:11:5-67
11-->src/main/AndroidManifest.xml:11:22-64
12
13    <application
13-->src/main/AndroidManifest.xml:13:5-42:19
14        android:allowBackup="true"
14-->src/main/AndroidManifest.xml:14:9-35
15        android:appComponentFactory="androidx.core.app.CoreComponentFactory"
15-->[androidx.core:core:1.3.2] AndroidManifest.xml:24:18-86
16        android:debuggable="true"
17        android:icon="@drawable/ic_launcher"
17-->src/main/AndroidManifest.xml:15:9-45
18        android:label="@string/app_name"
18-->src/main/AndroidManifest.xml:16:9-41
19        android:testOnly="true"
20        android:theme="@style/AppTheme" >
20-->src/main/AndroidManifest.xml:17:9-40
21        <activity
21-->src/main/AndroidManifest.xml:18:9-20:40
22            android:name="com.thread.multithread.FutureActivity"
22-->src/main/AndroidManifest.xml:19:13-65
23            android:exported="false" />
23-->src/main/AndroidManifest.xml:20:13-37
24        <activity
24-->src/main/AndroidManifest.xml:21:9-23:40
25            android:name="com.thread.multithread.JoinActivity"
25-->src/main/AndroidManifest.xml:22:13-63
26            android:exported="false" />
26-->src/main/AndroidManifest.xml:23:13-37
27        <activity android:name="com.thread.deadlock.DeadLockActivity" />
27-->src/main/AndroidManifest.xml:24:9-73
27-->src/main/AndroidManifest.xml:24:19-70
28        <activity android:name="com.thread.HomeActivity" >
28-->src/main/AndroidManifest.xml:25:9-31:20
28-->src/main/AndroidManifest.xml:25:19-57
29            <intent-filter>
29-->src/main/AndroidManifest.xml:26:13-30:29
30                <action android:name="android.intent.action.MAIN" />
30-->src/main/AndroidManifest.xml:27:17-69
30-->src/main/AndroidManifest.xml:27:25-66
31
32                <category android:name="android.intent.category.LAUNCHER" />
32-->src/main/AndroidManifest.xml:29:17-77
32-->src/main/AndroidManifest.xml:29:27-74
33            </intent-filter>
34        </activity>
35        <activity android:name="com.thread.threadsync.ThreadSyncActivity" />
35-->src/main/AndroidManifest.xml:32:9-77
35-->src/main/AndroidManifest.xml:32:19-74
36        <activity
36-->src/main/AndroidManifest.xml:33:9-41:20
37            android:name="com.thread.asyncloaddemo.ThreadPoolActivity"
37-->src/main/AndroidManifest.xml:34:13-47
38            android:label="@string/app_name" >
38-->src/main/AndroidManifest.xml:35:13-45
39            <intent-filter>
39-->src/main/AndroidManifest.xml:26:13-30:29
40                <action android:name="android.intent.action.MAIN" />
40-->src/main/AndroidManifest.xml:27:17-69
40-->src/main/AndroidManifest.xml:27:25-66
41
42                <category android:name="android.intent.category.LAUNCHER" />
42-->src/main/AndroidManifest.xml:29:17-77
42-->src/main/AndroidManifest.xml:29:27-74
43            </intent-filter>
44        </activity>
45    </application>
46
47</manifest>